<?xml version="1.0" encoding="UTF-8"?>
<testsuite name="TestWeb.RegisterPageTest" tests="1" skipped="0" failures="1" errors="0" timestamp="2021-06-07T02:31:13" hostname="DESKTOP-QPOP64C" time="3.153">
  <properties/>
  <testcase name="appRegisterTest" classname="TestWeb.RegisterPageTest" time="3.153">
    <failure message="net.thucydides.core.webdriver.DriverConfigurationError: Could not instantiate new WebDriver instance of type class org.openqa.selenium.chrome.ChromeDriver (unknown error: Chrome failed to start: was killed.&#10;  (unknown error: DevToolsActivePort file doesn't exist)&#10;  (The process started from chrome location C:\Users\Stg\AppData\Local\Google\Chrome\Application\chrome.exe is no longer running, so ChromeDriver is assuming that Chrome has crashed.)&#10;Build info: version: '3.141.59', revision: 'e82be7d358', time: '2018-11-14T08:17:03'&#10;System info: host: 'DESKTOP-QPOP64C', ip: '192.168.1.71', os.name: 'Windows 10', os.arch: 'amd64', os.version: '10.0', java.version: '1.8.0_281'&#10;Driver info: driver.version: ProvideNewDriver&#10;remote stacktrace: Backtrace:&#10;&#9;Ordinal0 [0x00C52DB3+2502067]&#10;&#9;Ordinal0 [0x00BEC5B1+2082225]&#10;&#9;Ordinal0 [0x00AF2498+1057944]&#10;&#9;Ordinal0 [0x00B0C84F+1165391]&#10;&#9;Ordinal0 [0x00B09C73+1154163]&#10;&#9;Ordinal0 [0x00B39A22+1350178]&#10;&#9;Ordinal0 [0x00B3967A+1349242]&#10;&#9;Ordinal0 [0x00B35BEB+1334251]&#10;&#9;Ordinal0 [0x00B12174+1188212]&#10;&#9;Ordinal0 [0x00B13009+1191945]&#10;&#9;GetHandleVerifier [0x00DCEC5C+1511084]&#10;&#9;GetHandleVerifier [0x00E78522+2205554]&#10;&#9;GetHandleVerifier [0x00CD3393+480739]&#10;&#9;GetHandleVerifier [0x00CD2579+477129]&#10;&#9;Ordinal0 [0x00BF1E5D+2104925]&#10;&#9;Ordinal0 [0x00BF63F8+2122744]&#10;&#9;Ordinal0 [0x00BF6537+2123063]&#10;&#9;Ordinal0 [0x00BFEE53+2158163]&#10;&#9;BaseThreadInitThunk [0x7651FA29+25]&#10;&#9;RtlGetAppContainerNamedObjectPath [0x772A7A7E+286]&#10;&#9;RtlGetAppContainerNamedObjectPath [0x772A7A4E+238]&#10;). See below for more details." type="net.thucydides.core.webdriver.DriverConfigurationError">net.thucydides.core.webdriver.DriverConfigurationError: Could not instantiate new WebDriver instance of type class org.openqa.selenium.chrome.ChromeDriver (unknown error: Chrome failed to start: was killed.
  (unknown error: DevToolsActivePort file doesn't exist)
  (The process started from chrome location C:\Users\Stg\AppData\Local\Google\Chrome\Application\chrome.exe is no longer running, so ChromeDriver is assuming that Chrome has crashed.)
Build info: version: '3.141.59', revision: 'e82be7d358', time: '2018-11-14T08:17:03'
System info: host: 'DESKTOP-QPOP64C', ip: '192.168.1.71', os.name: 'Windows 10', os.arch: 'amd64', os.version: '10.0', java.version: '1.8.0_281'
Driver info: driver.version: ProvideNewDriver
remote stacktrace: Backtrace:
	Ordinal0 [0x00C52DB3+2502067]
	Ordinal0 [0x00BEC5B1+2082225]
	Ordinal0 [0x00AF2498+1057944]
	Ordinal0 [0x00B0C84F+1165391]
	Ordinal0 [0x00B09C73+1154163]
	Ordinal0 [0x00B39A22+1350178]
	Ordinal0 [0x00B3967A+1349242]
	Ordinal0 [0x00B35BEB+1334251]
	Ordinal0 [0x00B12174+1188212]
	Ordinal0 [0x00B13009+1191945]
	GetHandleVerifier [0x00DCEC5C+1511084]
	GetHandleVerifier [0x00E78522+2205554]
	GetHandleVerifier [0x00CD3393+480739]
	GetHandleVerifier [0x00CD2579+477129]
	Ordinal0 [0x00BF1E5D+2104925]
	Ordinal0 [0x00BF63F8+2122744]
	Ordinal0 [0x00BF6537+2123063]
	Ordinal0 [0x00BFEE53+2158163]
	BaseThreadInitThunk [0x7651FA29+25]
	RtlGetAppContainerNamedObjectPath [0x772A7A7E+286]
	RtlGetAppContainerNamedObjectPath [0x772A7A4E+238]
). See below for more details.
	at Steps.RegisterPagesSteps.isOnRegisterPage(RegisterPagesSteps.java:13)
	at TestWeb.RegisterPageTest.appRegisterTest(RegisterPageTest.java:22)
</failure>
  </testcase>
  <system-out><![CDATA[]]></system-out>
  <system-err><![CDATA[SLF4J: Failed to load class "org.slf4j.impl.StaticLoggerBinder".
SLF4J: Defaulting to no-operation (NOP) logger implementation
SLF4J: See http://www.slf4j.org/codes.html#StaticLoggerBinder for further details.
Starting ChromeDriver 91.0.4472.19 (1bf021f248676a0b2ab3ee0561d83a59e424c23e-refs/branch-heads/4472@{#288}) on port 11214
Only local connections are allowed.
Please see https://chromedriver.chromium.org/security-considerations for suggestions on keeping ChromeDriver safe.
ChromeDriver was started successfully.
Starting ChromeDriver 91.0.4472.19 (1bf021f248676a0b2ab3ee0561d83a59e424c23e-refs/branch-heads/4472@{#288}) on port 9515
Only local connections are allowed.
Please see https://chromedriver.chromium.org/security-considerations for suggestions on keeping ChromeDriver safe.
Invalid --log-level value.
Unable to initialize logging. Exiting...
]]></system-err>
</testsuite>
